{"C:\\Users\\ASUS\\oshi-beauty-final\\src\\components\\HelloWorld.vue": {"path":"C:\\Users\\ASUS\\oshi-beauty-final\\src\\components\\HelloWorld.vue","statementMap":{"0":{"start":{"line":8,"column":7},"end":{"line":8,"column":24}},"1":{"start":{"line":9,"column":8},"end":{"line":9,"column":21}},"2":{"start":{"line":8,"column":2},"end":{"line":13,"column":null}}},"fnMap":{},"branchMap":{"0":{"loc":{"start":{"line":9,"column":28},"end":{"line":13,"column":null}},"type":"binary-expr","locations":[{"start":{"line":9,"column":28},"end":{"line":9,"column":36}},{"start":{"line":9,"column":28},"end":{"line":13,"column":null}}],"line":9}},"s":{"0":1,"1":1,"2":1},"f":{},"b":{"0":[1,1]},"meta":{"lastBranch":0,"lastFunction":0,"lastStatement":0,"seen":{},"fnNames":{}}}
,"C:\\Users\\ASUS\\oshi-beauty-final\\src\\stores\\cart.ts": {"path":"C:\\Users\\ASUS\\oshi-beauty-final\\src\\stores\\cart.ts","statementMap":{"0":{"start":{"line":15,"column":13},"end":{"line":133,"column":2}},"1":{"start":{"line":16,"column":16},"end":{"line":17,"column":null}},"2":{"start":{"line":22,"column":6},"end":{"line":22,"column":null}},"3":{"start":{"line":22,"column":47},"end":{"line":22,"column":75}},"4":{"start":{"line":26,"column":6},"end":{"line":29,"column":null}},"5":{"start":{"line":27,"column":22},"end":{"line":27,"column":69}},"6":{"start":{"line":28,"column":8},"end":{"line":28,"column":null}},"7":{"start":{"line":33,"column":21},"end":{"line":33,"column":null}},"8":{"start":{"line":34,"column":6},"end":{"line":42,"column":null}},"9":{"start":{"line":35,"column":8},"end":{"line":40,"column":null}},"10":{"start":{"line":36,"column":32},"end":{"line":39,"column":15}},"11":{"start":{"line":37,"column":26},"end":{"line":37,"column":79}},"12":{"start":{"line":38,"column":12},"end":{"line":38,"column":null}},"13":{"start":{"line":40,"column":10},"end":{"line":40,"column":null}},"14":{"start":{"line":43,"column":6},"end":{"line":43,"column":null}},"15":{"start":{"line":47,"column":20},"end":{"line":50,"column":11}},"16":{"start":{"line":48,"column":22},"end":{"line":48,"column":69}},"17":{"start":{"line":49,"column":8},"end":{"line":49,"column":null}},"18":{"start":{"line":51,"column":23},"end":{"line":60,"column":11}},"19":{"start":{"line":52,"column":8},"end":{"line":57,"column":null}},"20":{"start":{"line":53,"column":32},"end":{"line":56,"column":15}},"21":{"start":{"line":54,"column":26},"end":{"line":54,"column":79}},"22":{"start":{"line":55,"column":12},"end":{"line":55,"column":null}},"23":{"start":{"line":57,"column":10},"end":{"line":57,"column":null}},"24":{"start":{"line":59,"column":8},"end":{"line":59,"column":null}},"25":{"start":{"line":61,"column":25},"end":{"line":61,"column":null}},"26":{"start":{"line":62,"column":6},"end":{"line":62,"column":null}},"27":{"start":{"line":68,"column":23},"end":{"line":68,"column":88}},"28":{"start":{"line":68,"column":47},"end":{"line":68,"column":88}},"29":{"start":{"line":69,"column":6},"end":{"line":72,"column":null}},"30":{"start":{"line":70,"column":8},"end":{"line":70,"column":null}},"31":{"start":{"line":72,"column":8},"end":{"line":72,"column":null}},"32":{"start":{"line":74,"column":6},"end":{"line":74,"column":null}},"33":{"start":{"line":78,"column":23},"end":{"line":78,"column":33}},"34":{"start":{"line":79,"column":28},"end":{"line":82,"column":11}},"35":{"start":{"line":80,"column":22},"end":{"line":80,"column":69}},"36":{"start":{"line":81,"column":8},"end":{"line":81,"column":null}},"37":{"start":{"line":83,"column":29},"end":{"line":83,"column":null}},"38":{"start":{"line":84,"column":25},"end":{"line":84,"column":null}},"39":{"start":{"line":86,"column":35},"end":{"line":96,"column":null}},"40":{"start":{"line":98,"column":6},"end":{"line":98,"column":null}},"41":{"start":{"line":99,"column":6},"end":{"line":99,"column":null}},"42":{"start":{"line":103,"column":19},"end":{"line":103,"column":58}},"43":{"start":{"line":103,"column":43},"end":{"line":103,"column":58}},"44":{"start":{"line":104,"column":6},"end":{"line":107,"column":null}},"45":{"start":{"line":105,"column":8},"end":{"line":105,"column":null}},"46":{"start":{"line":106,"column":17},"end":{"line":107,"column":null}},"47":{"start":{"line":107,"column":8},"end":{"line":107,"column":null}},"48":{"start":{"line":109,"column":6},"end":{"line":109,"column":null}},"49":{"start":{"line":113,"column":6},"end":{"line":113,"column":null}},"50":{"start":{"line":113,"column":45},"end":{"line":113,"column":60}},"51":{"start":{"line":114,"column":6},"end":{"line":114,"column":null}},"52":{"start":{"line":118,"column":6},"end":{"line":118,"column":null}},"53":{"start":{"line":119,"column":6},"end":{"line":119,"column":null}},"54":{"start":{"line":123,"column":6},"end":{"line":123,"column":null}},"55":{"start":{"line":127,"column":20},"end":{"line":127,"column":48}},"56":{"start":{"line":128,"column":6},"end":{"line":129,"column":null}},"57":{"start":{"line":129,"column":8},"end":{"line":129,"column":null}}},"fnMap":{"0":{"name":"(anonymous_0)","decl":{"start":{"line":16,"column":2},"end":{"line":16,"column":16}},"loc":{"start":{"line":16,"column":16},"end":{"line":17,"column":null}},"line":16},"1":{"name":"(anonymous_1)","decl":{"start":{"line":21,"column":4},"end":{"line":21,"column":17}},"loc":{"start":{"line":21,"column":27},"end":{"line":22,"column":null}},"line":21},"2":{"name":"(anonymous_2)","decl":{"start":{"line":22,"column":25},"end":{"line":22,"column":33}},"loc":{"start":{"line":22,"column":47},"end":{"line":22,"column":75}},"line":22},"3":{"name":"(anonymous_3)","decl":{"start":{"line":25,"column":4},"end":{"line":25,"column":15}},"loc":{"start":{"line":25,"column":25},"end":{"line":29,"column":null}},"line":25},"4":{"name":"(anonymous_4)","decl":{"start":{"line":26,"column":25},"end":{"line":26,"column":33}},"loc":{"start":{"line":26,"column":47},"end":{"line":29,"column":11}},"line":26},"5":{"name":"(anonymous_5)","decl":{"start":{"line":32,"column":4},"end":{"line":32,"column":21}},"loc":{"start":{"line":32,"column":31},"end":{"line":43,"column":null}},"line":32},"6":{"name":"(anonymous_6)","decl":{"start":{"line":34,"column":18},"end":{"line":34,"column":26}},"loc":{"start":{"line":34,"column":34},"end":{"line":42,"column":null}},"line":34},"7":{"name":"(anonymous_7)","decl":{"start":{"line":36,"column":49},"end":{"line":36,"column":57}},"loc":{"start":{"line":36,"column":77},"end":{"line":39,"column":15}},"line":36},"8":{"name":"(anonymous_8)","decl":{"start":{"line":46,"column":4},"end":{"line":46,"column":17}},"loc":{"start":{"line":46,"column":27},"end":{"line":62,"column":null}},"line":46},"9":{"name":"(anonymous_9)","decl":{"start":{"line":47,"column":32},"end":{"line":47,"column":40}},"loc":{"start":{"line":47,"column":54},"end":{"line":50,"column":11}},"line":47},"10":{"name":"(anonymous_10)","decl":{"start":{"line":51,"column":35},"end":{"line":51,"column":43}},"loc":{"start":{"line":51,"column":57},"end":{"line":60,"column":11}},"line":51},"11":{"name":"(anonymous_11)","decl":{"start":{"line":53,"column":49},"end":{"line":53,"column":57}},"loc":{"start":{"line":53,"column":75},"end":{"line":56,"column":15}},"line":53},"12":{"name":"addItem","decl":{"start":{"line":67,"column":4},"end":{"line":67,"column":12}},"loc":{"start":{"line":67,"column":26},"end":{"line":74,"column":null}},"line":67},"13":{"name":"(anonymous_13)","decl":{"start":{"line":68,"column":34},"end":{"line":68,"column":39}},"loc":{"start":{"line":68,"column":47},"end":{"line":68,"column":88}},"line":68},"14":{"name":"addBundle","decl":{"start":{"line":77,"column":4},"end":{"line":77,"column":14}},"loc":{"start":{"line":77,"column":88},"end":{"line":99,"column":null}},"line":77},"15":{"name":"(anonymous_15)","decl":{"start":{"line":79,"column":41},"end":{"line":79,"column":49}},"loc":{"start":{"line":79,"column":63},"end":{"line":82,"column":11}},"line":79},"16":{"name":"updateQuantity","decl":{"start":{"line":102,"column":4},"end":{"line":102,"column":19}},"loc":{"start":{"line":102,"column":49},"end":{"line":109,"column":null}},"line":102},"17":{"name":"(anonymous_17)","decl":{"start":{"line":103,"column":30},"end":{"line":103,"column":35}},"loc":{"start":{"line":103,"column":43},"end":{"line":103,"column":58}},"line":103},"18":{"name":"removeItem","decl":{"start":{"line":112,"column":4},"end":{"line":112,"column":15}},"loc":{"start":{"line":112,"column":27},"end":{"line":114,"column":null}},"line":112},"19":{"name":"(anonymous_19)","decl":{"start":{"line":113,"column":30},"end":{"line":113,"column":37}},"loc":{"start":{"line":113,"column":45},"end":{"line":113,"column":60}},"line":113},"20":{"name":"clearCart","decl":{"start":{"line":117,"column":4},"end":{"line":117,"column":16}},"loc":{"start":{"line":117,"column":16},"end":{"line":119,"column":null}},"line":117},"21":{"name":"saveToLocalStorage","decl":{"start":{"line":122,"column":4},"end":{"line":122,"column":25}},"loc":{"start":{"line":122,"column":25},"end":{"line":123,"column":null}},"line":122},"22":{"name":"loadCart","decl":{"start":{"line":126,"column":4},"end":{"line":126,"column":15}},"loc":{"start":{"line":126,"column":15},"end":{"line":129,"column":null}},"line":126}},"branchMap":{"0":{"loc":{"start":{"line":22,"column":54},"end":{"line":22,"column":75}},"type":"binary-expr","locations":[{"start":{"line":22,"column":54},"end":{"line":22,"column":71}},{"start":{"line":22,"column":71},"end":{"line":22,"column":75}}],"line":22},"1":{"loc":{"start":{"line":28,"column":31},"end":{"line":28,"column":null}},"type":"binary-expr","locations":[{"start":{"line":28,"column":31},"end":{"line":28,"column":48}},{"start":{"line":28,"column":48},"end":{"line":28,"column":null}}],"line":28},"2":{"loc":{"start":{"line":35,"column":8},"end":{"line":40,"column":null}},"type":"if","locations":[{"start":{"line":35,"column":8},"end":{"line":40,"column":null}},{"start":{},"end":{}}],"line":35},"3":{"loc":{"start":{"line":35,"column":12},"end":{"line":35,"column":64}},"type":"binary-expr","locations":[{"start":{"line":35,"column":12},"end":{"line":35,"column":29}},{"start":{"line":35,"column":29},"end":{"line":35,"column":49}},{"start":{"line":35,"column":49},"end":{"line":35,"column":64}}],"line":35},"4":{"loc":{"start":{"line":49,"column":31},"end":{"line":49,"column":null}},"type":"binary-expr","locations":[{"start":{"line":49,"column":31},"end":{"line":49,"column":48}},{"start":{"line":49,"column":48},"end":{"line":49,"column":null}}],"line":49},"5":{"loc":{"start":{"line":52,"column":8},"end":{"line":57,"column":null}},"type":"if","locations":[{"start":{"line":52,"column":8},"end":{"line":57,"column":null}},{"start":{},"end":{}}],"line":52},"6":{"loc":{"start":{"line":52,"column":12},"end":{"line":52,"column":64}},"type":"binary-expr","locations":[{"start":{"line":52,"column":12},"end":{"line":52,"column":29}},{"start":{"line":52,"column":29},"end":{"line":52,"column":49}},{"start":{"line":52,"column":49},"end":{"line":52,"column":64}}],"line":52},"7":{"loc":{"start":{"line":68,"column":47},"end":{"line":68,"column":88}},"type":"binary-expr","locations":[{"start":{"line":68,"column":47},"end":{"line":68,"column":73}},{"start":{"line":68,"column":73},"end":{"line":68,"column":88}}],"line":68},"8":{"loc":{"start":{"line":69,"column":6},"end":{"line":72,"column":null}},"type":"if","locations":[{"start":{"line":69,"column":6},"end":{"line":72,"column":null}},{"start":{"line":71,"column":13},"end":{"line":72,"column":null}}],"line":69},"9":{"loc":{"start":{"line":70,"column":29},"end":{"line":70,"column":55}},"type":"binary-expr","locations":[{"start":{"line":70,"column":29},"end":{"line":70,"column":50}},{"start":{"line":70,"column":50},"end":{"line":70,"column":55}}],"line":70},"10":{"loc":{"start":{"line":90,"column":15},"end":{"line":90,"column":null}},"type":"binary-expr","locations":[{"start":{"line":90,"column":15},"end":{"line":90,"column":41}},{"start":{"line":90,"column":41},"end":{"line":90,"column":null}}],"line":90},"11":{"loc":{"start":{"line":104,"column":6},"end":{"line":107,"column":null}},"type":"if","locations":[{"start":{"line":104,"column":6},"end":{"line":107,"column":null}},{"start":{"line":106,"column":17},"end":{"line":107,"column":null}}],"line":104},"12":{"loc":{"start":{"line":104,"column":10},"end":{"line":104,"column":32}},"type":"binary-expr","locations":[{"start":{"line":104,"column":10},"end":{"line":104,"column":18}},{"start":{"line":104,"column":18},"end":{"line":104,"column":32}}],"line":104},"13":{"loc":{"start":{"line":106,"column":17},"end":{"line":107,"column":null}},"type":"if","locations":[{"start":{"line":106,"column":17},"end":{"line":107,"column":null}},{"start":{},"end":{}}],"line":106},"14":{"loc":{"start":{"line":128,"column":6},"end":{"line":129,"column":null}},"type":"if","locations":[{"start":{"line":128,"column":6},"end":{"line":129,"column":null}},{"start":{},"end":{}}],"line":128}},"s":{"0":1,"1":11,"2":1,"3":2,"4":1,"5":2,"6":2,"7":0,"8":0,"9":0,"10":0,"11":0,"12":0,"13":0,"14":0,"15":0,"16":0,"17":0,"18":0,"19":0,"20":0,"21":0,"22":0,"23":0,"24":0,"25":0,"26":0,"27":15,"28":6,"29":15,"30":2,"31":13,"32":15,"33":2,"34":2,"35":3,"36":3,"37":2,"38":2,"39":2,"40":2,"41":2,"42":2,"43":2,"44":2,"45":1,"46":1,"47":1,"48":2,"49":2,"50":3,"51":2,"52":1,"53":1,"54":22,"55":0,"56":0,"57":0},"f":{"0":11,"1":1,"2":2,"3":1,"4":2,"5":0,"6":0,"7":0,"8":0,"9":0,"10":0,"11":0,"12":15,"13":6,"14":2,"15":3,"16":2,"17":2,"18":2,"19":3,"20":1,"21":22,"22":0},"b":{"0":[2,0],"1":[2,0],"2":[0,0],"3":[0,0,0],"4":[0,0],"5":[0,0],"6":[0,0,0],"7":[6,2],"8":[2,13],"9":[2,0],"10":[2,1],"11":[1,1],"12":[2,2],"13":[1,0],"14":[0,0]},"meta":{"lastBranch":15,"lastFunction":23,"lastStatement":58,"seen":{"s:15:13:133:2":0,"f:16:2:16:16":0,"s:16:16:17:Infinity":1,"f:21:4:21:17":1,"s:22:6:22:Infinity":2,"f:22:25:22:33":2,"s:22:47:22:75":3,"b:22:54:22:71:22:71:22:75":0,"f:25:4:25:15":3,"s:26:6:29:Infinity":4,"f:26:25:26:33":4,"s:27:22:27:69":5,"s:28:8:28:Infinity":6,"b:28:31:28:48:28:48:28:Infinity":1,"f:32:4:32:21":5,"s:33:21:33:Infinity":7,"s:34:6:42:Infinity":8,"f:34:18:34:26":6,"b:35:8:40:Infinity:undefined:undefined:undefined:undefined":2,"s:35:8:40:Infinity":9,"b:35:12:35:29:35:29:35:49:35:49:35:64":3,"s:36:32:39:15":10,"f:36:49:36:57":7,"s:37:26:37:79":11,"s:38:12:38:Infinity":12,"s:40:10:40:Infinity":13,"s:43:6:43:Infinity":14,"f:46:4:46:17":8,"s:47:20:50:11":15,"f:47:32:47:40":9,"s:48:22:48:69":16,"s:49:8:49:Infinity":17,"b:49:31:49:48:49:48:49:Infinity":4,"s:51:23:60:11":18,"f:51:35:51:43":10,"b:52:8:57:Infinity:undefined:undefined:undefined:undefined":5,"s:52:8:57:Infinity":19,"b:52:12:52:29:52:29:52:49:52:49:52:64":6,"s:53:32:56:15":20,"f:53:49:53:57":11,"s:54:26:54:79":21,"s:55:12:55:Infinity":22,"s:57:10:57:Infinity":23,"s:59:8:59:Infinity":24,"s:61:25:61:Infinity":25,"s:62:6:62:Infinity":26,"f:67:4:67:12":12,"s:68:23:68:88":27,"f:68:34:68:39":13,"s:68:47:68:88":28,"b:68:47:68:73:68:73:68:88":7,"b:69:6:72:Infinity:71:13:72:Infinity":8,"s:69:6:72:Infinity":29,"s:70:8:70:Infinity":30,"b:70:29:70:50:70:50:70:55":9,"s:72:8:72:Infinity":31,"s:74:6:74:Infinity":32,"f:77:4:77:14":14,"s:78:23:78:33":33,"s:79:28:82:11":34,"f:79:41:79:49":15,"s:80:22:80:69":35,"s:81:8:81:Infinity":36,"s:83:29:83:Infinity":37,"s:84:25:84:Infinity":38,"s:86:35:96:Infinity":39,"b:90:15:90:41:90:41:90:Infinity":10,"s:98:6:98:Infinity":40,"s:99:6:99:Infinity":41,"f:102:4:102:19":16,"s:103:19:103:58":42,"f:103:30:103:35":17,"s:103:43:103:58":43,"b:104:6:107:Infinity:106:17:107:Infinity":11,"s:104:6:107:Infinity":44,"b:104:10:104:18:104:18:104:32":12,"s:105:8:105:Infinity":45,"b:106:17:107:Infinity:undefined:undefined:undefined:undefined":13,"s:106:17:107:Infinity":46,"s:107:8:107:Infinity":47,"s:109:6:109:Infinity":48,"f:112:4:112:15":18,"s:113:6:113:Infinity":49,"f:113:30:113:37":19,"s:113:45:113:60":50,"s:114:6:114:Infinity":51,"f:117:4:117:16":20,"s:118:6:118:Infinity":52,"s:119:6:119:Infinity":53,"f:122:4:122:25":21,"s:123:6:123:Infinity":54,"f:126:4:126:15":22,"s:127:20:127:48":55,"b:128:6:129:Infinity:undefined:undefined:undefined:undefined":14,"s:128:6:129:Infinity":56,"s:129:8:129:Infinity":57},"fnNames":{}}}
}
