TN:
SF:src\App.vue
FN:22,(anonymous_0)
FN:26,(anonymous_1)
FNF:2
FNH:0
FNDA:0,(anonymous_0)
FNDA:0,(anonymous_1)
DA:2,0
DA:4,0
DA:18,0
DA:19,0
DA:22,0
DA:23,0
DA:26,0
DA:27,0
LF:8
LH:0
BRF:0
BRH:0
end_of_record
TN:
SF:src\components\FooterComponent.vue
FN:8,(anonymous_0)
FN:20,(anonymous_1)
FN:21,(anonymous_2)
FN:22,(anonymous_3)
FN:23,(anonymous_4)
FN:24,(anonymous_5)
FN:25,(anonymous_6)
FNF:7
FNH:0
FNDA:0,(anonymous_0)
FNDA:0,(anonymous_1)
FNDA:0,(anonymous_2)
FNDA:0,(anonymous_3)
FNDA:0,(anonymous_4)
FNDA:0,(anonymous_5)
FNDA:0,(anonymous_6)
DA:2,0
DA:3,0
DA:4,0
DA:7,0
DA:10,0
DA:19,0
DA:20,0
DA:21,0
DA:22,0
DA:23,0
DA:24,0
DA:25,0
LF:12
LH:0
BRDA:10,0,0,0
BRDA:10,0,1,0
BRDA:11,1,0,0
BRDA:11,1,1,0
BRDA:18,2,0,0
BRDA:18,2,1,0
BRDA:20,3,0,0
BRDA:20,3,1,0
BRDA:21,4,0,0
BRDA:21,4,1,0
BRDA:22,5,0,0
BRDA:22,5,1,0
BRDA:23,6,0,0
BRDA:23,6,1,0
BRDA:24,7,0,0
BRDA:24,7,1,0
BRDA:25,8,0,0
BRDA:25,8,1,0
BRF:18
BRH:0
end_of_record
TN:
SF:src\components\HelloWorld.vue
FNF:0
FNH:0
DA:8,1
DA:9,1
LF:2
LH:2
BRDA:9,0,0,1
BRDA:9,0,1,1
BRF:2
BRH:2
end_of_record
TN:
SF:src\components\TheWelcome.vue
FN:9,(anonymous_0)
FN:14,(anonymous_1)
FN:17,(anonymous_2)
FN:20,(anonymous_3)
FN:25,(anonymous_4)
FN:28,(anonymous_5)
FN:31,(anonymous_6)
FN:52,(anonymous_7)
FN:55,(anonymous_8)
FN:58,(anonymous_9)
FN:68,(anonymous_10)
FN:71,(anonymous_11)
FN:74,(anonymous_12)
FN:86,(anonymous_13)
FN:89,(anonymous_14)
FN:93,(anonymous_15)
FNF:16
FNH:0
FNDA:0,(anonymous_0)
FNDA:0,(anonymous_1)
FNDA:0,(anonymous_2)
FNDA:0,(anonymous_3)
FNDA:0,(anonymous_4)
FNDA:0,(anonymous_5)
FNDA:0,(anonymous_6)
FNDA:0,(anonymous_7)
FNDA:0,(anonymous_8)
FNDA:0,(anonymous_9)
FNDA:0,(anonymous_10)
FNDA:0,(anonymous_11)
FNDA:0,(anonymous_12)
FNDA:0,(anonymous_13)
FNDA:0,(anonymous_14)
FNDA:0,(anonymous_15)
DA:9,0
DA:15,0
DA:17,0
DA:20,0
DA:26,0
DA:28,0
DA:31,0
DA:53,0
DA:55,0
DA:58,0
DA:69,0
DA:71,0
DA:74,0
DA:87,0
DA:89,0
DA:93,0
LF:16
LH:0
BRDA:17,0,0,0
BRDA:17,0,1,0
BRDA:20,1,0,0
BRDA:20,1,1,0
BRDA:28,2,0,0
BRDA:28,2,1,0
BRDA:31,3,0,0
BRDA:31,3,1,0
BRDA:33,4,0,0
BRDA:33,4,1,0
BRDA:35,5,0,0
BRDA:35,5,1,0
BRDA:38,6,0,0
BRDA:38,6,1,0
BRDA:40,7,0,0
BRDA:40,7,1,0
BRDA:42,8,0,0
BRDA:42,8,1,0
BRDA:44,9,0,0
BRDA:44,9,1,0
BRDA:47,10,0,0
BRDA:47,10,1,0
BRDA:55,11,0,0
BRDA:55,11,1,0
BRDA:58,12,0,0
BRDA:58,12,1,0
BRDA:59,13,0,0
BRDA:59,13,1,0
BRDA:60,14,0,0
BRDA:60,14,1,0
BRDA:61,15,0,0
BRDA:61,15,1,0
BRDA:63,16,0,0
BRDA:63,16,1,0
BRDA:71,17,0,0
BRDA:71,17,1,0
BRDA:74,18,0,0
BRDA:74,18,1,0
BRDA:76,19,0,0
BRDA:76,19,1,0
BRDA:79,20,0,0
BRDA:79,20,1,0
BRDA:81,21,0,0
BRDA:81,21,1,0
BRDA:89,22,0,0
BRDA:89,22,1,0
BRDA:93,23,0,0
BRDA:93,23,1,0
BRF:48
BRH:0
end_of_record
TN:
SF:src\components\TopNavBar.vue
FN:95,(anonymous_0)
FN:99,(anonymous_1)
FN:103,(anonymous_2)
FN:114,(anonymous_3)
FN:118,(anonymous_4)
FN:7,(anonymous_5)
FN:17,(anonymous_6)
FN:24,(anonymous_7)
FN:31,(anonymous_8)
FN:38,(anonymous_9)
FN:45,(anonymous_10)
FN:52,(anonymous_11)
FN:69,(anonymous_12)
FN:74,(anonymous_13)
FNF:14
FNH:0
FNDA:0,(anonymous_0)
FNDA:0,(anonymous_1)
FNDA:0,(anonymous_2)
FNDA:0,(anonymous_3)
FNDA:0,(anonymous_4)
FNDA:0,(anonymous_5)
FNDA:0,(anonymous_6)
FNDA:0,(anonymous_7)
FNDA:0,(anonymous_8)
FNDA:0,(anonymous_9)
FNDA:0,(anonymous_10)
FNDA:0,(anonymous_11)
FNDA:0,(anonymous_12)
FNDA:0,(anonymous_13)
DA:2,0
DA:3,0
DA:7,0
DA:10,0
DA:17,0
DA:24,0
DA:31,0
DA:38,0
DA:45,0
DA:52,0
DA:56,0
DA:64,0
DA:69,0
DA:74,0
DA:92,0
DA:93,0
DA:94,0
DA:95,0
DA:96,0
DA:99,0
DA:100,0
DA:103,0
DA:104,0
DA:105,0
DA:106,0
DA:107,0
DA:109,0
DA:110,0
DA:114,0
DA:115,0
DA:118,0
DA:120,0
DA:121,0
DA:122,0
DA:123,0
DA:127,0
LF:36
LH:0
BRDA:105,0,0,0
BRDA:105,0,1,0
BRDA:121,1,0,0
BRDA:121,1,1,0
BRDA:7,2,0,0
BRDA:7,2,1,0
BRDA:17,3,0,0
BRDA:17,3,1,0
BRDA:24,4,0,0
BRDA:24,4,1,0
BRDA:31,5,0,0
BRDA:31,5,1,0
BRDA:38,6,0,0
BRDA:38,6,1,0
BRDA:45,7,0,0
BRDA:45,7,1,0
BRDA:52,8,0,0
BRDA:52,8,1,0
BRDA:59,9,0,0
BRDA:59,9,1,0
BRDA:64,10,0,0
BRDA:64,10,1,0
BRDA:69,11,0,0
BRDA:69,11,1,0
BRDA:74,12,0,0
BRDA:74,12,1,0
BRDA:76,13,0,0
BRDA:76,13,1,0
BRF:28
BRH:0
end_of_record
TN:
SF:src\components\WelcomeItem.vue
FNF:0
FNH:0
DA:2,0
DA:6,0
LF:2
LH:0
BRF:0
BRH:0
end_of_record
TN:
SF:src\components\icons\IconCommunity.vue
FNF:0
FNH:0
DA:2,0
LF:1
LH:0
BRDA:6,0,0,0
BRDA:6,0,1,0
BRF:2
BRH:0
end_of_record
TN:
SF:src\components\icons\IconDocumentation.vue
FNF:0
FNH:0
DA:2,0
LF:1
LH:0
BRDA:6,0,0,0
BRDA:6,0,1,0
BRF:2
BRH:0
end_of_record
TN:
SF:src\components\icons\IconEcosystem.vue
FNF:0
FNH:0
DA:2,0
LF:1
LH:0
BRDA:6,0,0,0
BRDA:6,0,1,0
BRF:2
BRH:0
end_of_record
TN:
SF:src\components\icons\IconSupport.vue
FNF:0
FNH:0
DA:2,0
LF:1
LH:0
BRDA:6,0,0,0
BRDA:6,0,1,0
BRF:2
BRH:0
end_of_record
TN:
SF:src\components\icons\IconTooling.vue
FNF:0
FNH:0
DA:3,0
LF:1
LH:0
BRDA:18,0,0,0
BRDA:18,0,1,0
BRF:2
BRH:0
end_of_record
TN:
SF:src\data\products.ts
FN:54,(anonymous_0)
FN:55,(anonymous_1)
FN:58,(anonymous_2)
FN:59,(anonymous_3)
FN:62,(anonymous_4)
FNF:5
FNH:0
FNDA:0,(anonymous_0)
FNDA:0,(anonymous_1)
FNDA:0,(anonymous_2)
FNDA:0,(anonymous_3)
FNDA:0,(anonymous_4)
DA:16,0
DA:54,0
DA:55,0
DA:58,0
DA:59,0
DA:62,0
DA:63,0
LF:7
LH:0
BRDA:62,0,0,0
BRF:1
BRH:0
end_of_record
TN:
SF:src\stores\cart.ts
FN:16,(anonymous_0)
FN:21,(anonymous_1)
FN:22,(anonymous_2)
FN:25,(anonymous_3)
FN:26,(anonymous_4)
FN:32,(anonymous_5)
FN:34,(anonymous_6)
FN:36,(anonymous_7)
FN:46,(anonymous_8)
FN:47,(anonymous_9)
FN:51,(anonymous_10)
FN:53,(anonymous_11)
FN:67,addItem
FN:68,(anonymous_13)
FN:77,addBundle
FN:79,(anonymous_15)
FN:102,updateQuantity
FN:103,(anonymous_17)
FN:112,removeItem
FN:113,(anonymous_19)
FN:117,clearCart
FN:122,saveToLocalStorage
FN:126,loadCart
FNF:23
FNH:15
FNDA:11,(anonymous_0)
FNDA:1,(anonymous_1)
FNDA:2,(anonymous_2)
FNDA:1,(anonymous_3)
FNDA:2,(anonymous_4)
FNDA:0,(anonymous_5)
FNDA:0,(anonymous_6)
FNDA:0,(anonymous_7)
FNDA:0,(anonymous_8)
FNDA:0,(anonymous_9)
FNDA:0,(anonymous_10)
FNDA:0,(anonymous_11)
FNDA:15,addItem
FNDA:6,(anonymous_13)
FNDA:2,addBundle
FNDA:3,(anonymous_15)
FNDA:2,updateQuantity
FNDA:2,(anonymous_17)
FNDA:2,removeItem
FNDA:3,(anonymous_19)
FNDA:1,clearCart
FNDA:22,saveToLocalStorage
FNDA:0,loadCart
DA:15,1
DA:16,11
DA:22,2
DA:26,1
DA:27,2
DA:28,2
DA:33,0
DA:34,0
DA:35,0
DA:36,0
DA:37,0
DA:38,0
DA:40,0
DA:43,0
DA:47,0
DA:48,0
DA:49,0
DA:51,0
DA:52,0
DA:53,0
DA:54,0
DA:55,0
DA:57,0
DA:59,0
DA:61,0
DA:62,0
DA:68,15
DA:69,15
DA:70,2
DA:72,13
DA:74,15
DA:78,2
DA:79,2
DA:80,3
DA:81,3
DA:83,2
DA:84,2
DA:86,2
DA:98,2
DA:99,2
DA:103,2
DA:104,2
DA:105,1
DA:106,1
DA:107,1
DA:109,2
DA:113,3
DA:114,2
DA:118,1
DA:119,1
DA:123,22
DA:127,0
DA:128,0
DA:129,0
LF:54
LH:31
BRDA:22,0,0,2
BRDA:22,0,1,0
BRDA:28,1,0,2
BRDA:28,1,1,0
BRDA:35,2,0,0
BRDA:35,2,1,0
BRDA:35,3,0,0
BRDA:35,3,1,0
BRDA:35,3,2,0
BRDA:49,4,0,0
BRDA:49,4,1,0
BRDA:52,5,0,0
BRDA:52,5,1,0
BRDA:52,6,0,0
BRDA:52,6,1,0
BRDA:52,6,2,0
BRDA:68,7,0,6
BRDA:68,7,1,2
BRDA:69,8,0,2
BRDA:69,8,1,13
BRDA:70,9,0,2
BRDA:70,9,1,0
BRDA:90,10,0,2
BRDA:90,10,1,1
BRDA:104,11,0,1
BRDA:104,11,1,1
BRDA:104,12,0,2
BRDA:104,12,1,2
BRDA:106,13,0,1
BRDA:106,13,1,0
BRDA:128,14,0,0
BRDA:128,14,1,0
BRF:32
BRH:14
end_of_record
TN:
SF:src\stores\counter.ts
FN:4,(anonymous_0)
FN:6,(anonymous_1)
FN:7,increment
FNF:3
FNH:0
FNDA:0,(anonymous_0)
FNDA:0,(anonymous_1)
FNDA:0,increment
DA:4,0
DA:5,0
DA:6,0
DA:8,0
DA:11,0
LF:5
LH:0
BRF:0
BRH:0
end_of_record
TN:
SF:src\views\AboutPage.vue
FN:136,(anonymous_0)
FNF:1
FNH:0
FNDA:0,(anonymous_0)
DA:2,0
DA:129,0
DA:130,0
DA:133,0
DA:136,0
LF:5
LH:0
BRDA:131,0,0,0
BRDA:131,0,1,0
BRDA:132,1,0,0
BRDA:132,1,1,0
BRDA:136,2,0,0
BRDA:136,2,1,0
BRF:6
BRH:0
end_of_record
TN:
SF:src\views\CardPaymentPage.vue
FN:210,(anonymous_0)
FN:215,(anonymous_1)
FN:219,(anonymous_2)
FN:226,(anonymous_3)
FN:235,(anonymous_4)
FN:241,(anonymous_5)
FN:262,(anonymous_6)
FN:268,(anonymous_7)
FN:274,(anonymous_8)
FN:281,(anonymous_9)
FN:9,(anonymous_10)
FN:34,(anonymous_11)
FN:52,(anonymous_12)
FN:65,(anonymous_13)
FN:77,(anonymous_14)
FN:91,(anonymous_15)
FN:139,(anonymous_16)
FN:176,(anonymous_17)
FNF:18
FNH:0
FNDA:0,(anonymous_0)
FNDA:0,(anonymous_1)
FNDA:0,(anonymous_2)
FNDA:0,(anonymous_3)
FNDA:0,(anonymous_4)
FNDA:0,(anonymous_5)
FNDA:0,(anonymous_6)
FNDA:0,(anonymous_7)
FNDA:0,(anonymous_8)
FNDA:0,(anonymous_9)
FNDA:0,(anonymous_10)
FNDA:0,(anonymous_11)
FNDA:0,(anonymous_12)
FNDA:0,(anonymous_13)
FNDA:0,(anonymous_14)
FNDA:0,(anonymous_15)
FNDA:0,(anonymous_16)
FNDA:0,(anonymous_17)
DA:2,0
DA:4,0
DA:8,0
DA:9,0
DA:14,0
DA:22,0
DA:24,0
DA:25,0
DA:32,0
DA:34,0
DA:52,0
DA:61,0
DA:65,0
DA:77,0
DA:89,0
DA:91,0
DA:133,0
DA:134,0
DA:138,0
DA:139,0
DA:140,0
DA:143,0
DA:144,0
DA:145,0
DA:147,0
DA:152,0
DA:153,0
DA:155,0
DA:161,0
DA:163,0
DA:165,0
DA:167,0
DA:196,0
DA:197,0
DA:199,0
DA:200,0
DA:201,0
DA:203,0
DA:210,0
DA:211,0
DA:212,0
DA:215,0
DA:216,0
DA:219,0
DA:220,0
DA:221,0
DA:222,0
DA:223,0
DA:226,0
DA:227,0
DA:228,0
DA:229,0
DA:230,0
DA:232,0
DA:235,0
DA:236,0
DA:237,0
DA:238,0
DA:241,0
DA:242,0
DA:243,0
DA:244,0
DA:245,0
DA:247,0
DA:248,0
DA:249,0
DA:251,0
DA:252,0
DA:253,0
DA:255,0
DA:256,0
DA:257,0
DA:259,0
DA:262,0
DA:263,0
DA:265,0
DA:268,0
DA:270,0
DA:271,0
DA:274,0
DA:275,0
DA:277,0
DA:278,0
DA:281,0
DA:282,0
LF:85
LH:0
BRDA:221,0,0,0
BRDA:221,0,1,0
BRDA:228,1,0,0
BRDA:228,1,1,0
BRDA:229,2,0,0
BRDA:229,2,1,0
BRDA:237,3,0,0
BRDA:237,3,1,0
BRDA:243,4,0,0
BRDA:243,4,1,0
BRDA:247,5,0,0
BRDA:247,5,1,0
BRDA:251,6,0,0
BRDA:251,6,1,0
BRDA:255,7,0,0
BRDA:255,7,1,0
BRDA:263,8,0,0
BRDA:263,8,1,0
BRDA:6,9,0,0
BRDA:6,9,1,0
BRDA:9,10,0,0
BRDA:9,10,1,0
BRDA:11,11,0,0
BRDA:11,11,1,0
BRDA:16,12,0,0
BRDA:16,12,1,0
BRDA:121,13,0,0
BRDA:121,13,1,0
BRDA:46,14,0,0
BRDA:46,14,1,0
BRDA:34,15,0,0
BRDA:34,15,1,0
BRDA:34,16,0,0
BRDA:34,16,1,0
BRDA:58,17,0,0
BRDA:58,17,1,0
BRDA:52,18,0,0
BRDA:52,18,1,0
BRDA:73,19,0,0
BRDA:73,19,1,0
BRDA:65,20,0,0
BRDA:65,20,1,0
BRDA:85,21,0,0
BRDA:85,21,1,0
BRDA:77,22,0,0
BRDA:77,22,1,0
BRDA:91,23,0,0
BRDA:91,23,1,0
BRDA:91,24,0,0
BRDA:91,24,1,0
BRDA:105,25,0,0
BRDA:105,25,1,0
BRDA:112,26,0,0
BRDA:112,26,1,0
BRDA:116,27,0,0
BRDA:116,27,1,0
BRDA:135,28,0,0
BRDA:135,28,1,0
BRDA:145,29,0,0
BRDA:145,29,1,0
BRDA:156,30,0,0
BRDA:156,30,1,0
BRDA:157,31,0,0
BRDA:157,31,1,0
BRDA:164,32,0,0
BRDA:164,32,1,0
BRDA:168,33,0,0
BRDA:168,33,1,0
BRDA:175,34,0,0
BRDA:176,35,0,0
BRDA:176,35,1,0
BRDA:177,36,0,0
BRDA:177,36,1,0
BRDA:180,37,0,0
BRDA:180,37,1,0
BRDA:181,38,0,0
BRDA:181,38,1,0
BRF:77
BRH:0
end_of_record
TN:
SF:src\views\CartPage.vue
FN:121,(anonymous_0)
FN:121,(anonymous_1)
FN:122,(anonymous_2)
FN:122,(anonymous_3)
FN:124,(anonymous_4)
FN:128,(anonymous_5)
FN:132,(anonymous_6)
FN:14,(anonymous_7)
FN:21,(anonymous_8)
FN:35,(anonymous_9)
FN:37,(anonymous_10)
FN:39,(anonymous_11)
FN:48,(anonymous_12)
FN:51,(anonymous_13)
FN:63,(anonymous_14)
FNF:15
FNH:0
FNDA:0,(anonymous_0)
FNDA:0,(anonymous_1)
FNDA:0,(anonymous_2)
FNDA:0,(anonymous_3)
FNDA:0,(anonymous_4)
FNDA:0,(anonymous_5)
FNDA:0,(anonymous_6)
FNDA:0,(anonymous_7)
FNDA:0,(anonymous_8)
FNDA:0,(anonymous_9)
FNDA:0,(anonymous_10)
FNDA:0,(anonymous_11)
FNDA:0,(anonymous_12)
FNDA:0,(anonymous_13)
FNDA:0,(anonymous_14)
DA:2,0
DA:14,0
DA:19,0
DA:21,0
DA:22,0
DA:25,0
DA:26,0
DA:28,0
DA:29,0
DA:31,0
DA:33,0
DA:34,0
DA:35,0
DA:36,0
DA:37,0
DA:39,0
DA:48,0
DA:49,0
DA:50,0
DA:51,0
DA:53,0
DA:54,0
DA:57,0
DA:58,0
DA:60,0
DA:62,0
DA:63,0
DA:74,0
DA:75,0
DA:78,0
DA:79,0
DA:81,0
DA:93,0
DA:94,0
DA:96,0
DA:118,0
DA:119,0
DA:121,0
DA:122,0
DA:124,0
DA:125,0
DA:128,0
DA:129,0
DA:132,0
DA:133,0
LF:45
LH:0
BRDA:110,0,0,0
BRDA:110,0,1,0
BRDA:8,1,0,0
BRDA:8,1,1,0
BRDA:9,2,0,0
BRDA:9,2,1,0
BRDA:10,3,0,0
BRDA:10,3,1,0
BRDA:11,4,0,0
BRDA:11,4,1,0
BRDA:14,5,0,0
BRDA:14,5,1,0
BRDA:35,6,0,0
BRDA:35,6,1,0
BRDA:36,7,0,0
BRDA:36,7,1,0
BRDA:37,8,0,0
BRDA:37,8,1,0
BRDA:40,9,0,0
BRDA:40,9,1,0
BRDA:56,10,0,0
BRDA:56,10,1,0
BRDA:64,11,0,0
BRDA:64,11,1,0
BRDA:76,12,0,0
BRDA:76,12,1,0
BRDA:82,13,0,0
BRDA:82,13,1,0
BRDA:83,14,0,0
BRDA:83,14,1,0
BRDA:87,15,0,0
BRDA:87,15,1,0
BRDA:90,16,0,0
BRDA:90,16,1,0
BRDA:97,17,0,0
BRDA:97,17,1,0
BRDA:104,18,0,0
BRDA:104,18,1,0
BRF:38
BRH:0
end_of_record
TN:
SF:src\views\CheckoutPage.vue
FN:236,(anonymous_0)
FN:241,(anonymous_1)
FN:245,(anonymous_2)
FN:278,(anonymous_3)
FN:301,(anonymous_4)
FN:313,(anonymous_5)
FN:9,(anonymous_6)
FN:35,(anonymous_7)
FN:44,(anonymous_8)
FN:53,(anonymous_9)
FN:72,(anonymous_10)
FN:81,(anonymous_11)
FN:88,(anonymous_12)
FN:97,(anonymous_13)
FN:115,(anonymous_14)
FN:132,(anonymous_15)
FN:155,(anonymous_16)
FN:159,(anonymous_17)
FNF:18
FNH:0
FNDA:0,(anonymous_0)
FNDA:0,(anonymous_1)
FNDA:0,(anonymous_2)
FNDA:0,(anonymous_3)
FNDA:0,(anonymous_4)
FNDA:0,(anonymous_5)
FNDA:0,(anonymous_6)
FNDA:0,(anonymous_7)
FNDA:0,(anonymous_8)
FNDA:0,(anonymous_9)
FNDA:0,(anonymous_10)
FNDA:0,(anonymous_11)
FNDA:0,(anonymous_12)
FNDA:0,(anonymous_13)
FNDA:0,(anonymous_14)
FNDA:0,(anonymous_15)
FNDA:0,(anonymous_16)
FNDA:0,(anonymous_17)
DA:2,0
DA:4,0
DA:8,0
DA:9,0
DA:14,0
DA:25,0
DA:27,0
DA:32,0
DA:33,0
DA:35,0
DA:42,0
DA:44,0
DA:51,0
DA:53,0
DA:64,0
DA:69,0
DA:70,0
DA:72,0
DA:79,0
DA:81,0
DA:88,0
DA:95,0
DA:97,0
DA:107,0
DA:112,0
DA:113,0
DA:115,0
DA:130,0
DA:132,0
DA:148,0
DA:149,0
DA:155,0
DA:159,0
DA:160,0
DA:163,0
DA:164,0
DA:165,0
DA:167,0
DA:171,0
DA:172,0
DA:180,0
DA:184,0
DA:220,0
DA:221,0
DA:223,0
DA:225,0
DA:236,0
DA:237,0
DA:238,0
DA:241,0
DA:242,0
DA:245,0
DA:246,0
DA:247,0
DA:248,0
DA:250,0
DA:251,0
DA:252,0
DA:254,0
DA:255,0
DA:256,0
DA:257,0
DA:259,0
DA:260,0
DA:261,0
DA:263,0
DA:264,0
DA:265,0
DA:267,0
DA:268,0
DA:269,0
DA:271,0
DA:272,0
DA:273,0
DA:275,0
DA:278,0
DA:279,0
DA:280,0
DA:281,0
DA:284,0
DA:285,0
DA:289,0
DA:290,0
DA:291,0
DA:293,0
DA:295,0
DA:298,0
DA:301,0
DA:303,0
DA:306,0
DA:309,0
DA:313,0
DA:314,0
LF:93
LH:0
BRDA:246,0,0,0
BRDA:246,0,1,0
BRDA:250,1,0,0
BRDA:250,1,1,0
BRDA:255,2,0,0
BRDA:255,2,1,0
BRDA:259,3,0,0
BRDA:259,3,1,0
BRDA:263,4,0,0
BRDA:263,4,1,0
BRDA:267,5,0,0
BRDA:267,5,1,0
BRDA:271,6,0,0
BRDA:271,6,1,0
BRDA:279,7,0,0
BRDA:279,7,1,0
BRDA:284,8,0,0
BRDA:284,8,1,0
BRDA:293,9,0,0
BRDA:293,9,1,0
BRDA:6,10,0,0
BRDA:6,10,1,0
BRDA:9,11,0,0
BRDA:9,11,1,0
BRDA:11,12,0,0
BRDA:11,12,1,0
BRDA:16,13,0,0
BRDA:16,13,1,0
BRDA:61,14,0,0
BRDA:61,14,1,0
BRDA:35,15,0,0
BRDA:35,15,1,0
BRDA:44,16,0,0
BRDA:44,16,1,0
BRDA:53,17,0,0
BRDA:53,17,1,0
BRDA:104,18,0,0
BRDA:104,18,1,0
BRDA:72,19,0,0
BRDA:72,19,1,0
BRDA:81,20,0,0
BRDA:81,20,1,0
BRDA:88,21,0,0
BRDA:88,21,1,0
BRDA:97,22,0,0
BRDA:97,22,1,0
BRDA:144,23,0,0
BRDA:144,23,1,0
BRDA:115,24,0,0
BRDA:115,24,1,0
BRDA:115,25,0,0
BRDA:115,25,1,0
BRDA:132,26,0,0
BRDA:132,26,1,0
BRDA:132,27,0,0
BRDA:132,27,1,0
BRDA:150,28,0,0
BRDA:150,28,1,0
BRDA:153,29,0,0
BRDA:153,29,1,0
BRDA:156,30,0,0
BRDA:156,30,1,0
BRDA:155,31,0,0
BRDA:155,31,1,0
BRDA:165,32,0,0
BRDA:165,32,1,0
BRDA:175,33,0,0
BRDA:175,33,1,0
BRDA:176,34,0,0
BRDA:176,34,1,0
BRDA:183,35,0,0
BRDA:183,35,1,0
BRDA:187,36,0,0
BRDA:187,36,1,0
BRDA:192,37,0,0
BRDA:192,37,1,0
BRDA:195,38,0,0
BRDA:195,38,1,0
BRDA:195,39,0,0
BRDA:195,39,1,0
BRDA:202,40,0,0
BRDA:202,40,1,0
BRDA:205,41,0,0
BRDA:205,41,1,0
BRF:84
BRH:0
end_of_record
TN:
SF:src\views\FragrancePage.vue
FN:90,(anonymous_0)
FN:92,(anonymous_1)
FN:93,(anonymous_2)
FN:94,(anonymous_3)
FN:95,(anonymous_4)
FN:99,(anonymous_5)
FN:113,(anonymous_6)
FN:117,(anonymous_7)
FN:124,(anonymous_8)
FN:141,(anonymous_9)
FN:16,(anonymous_10)
FN:41,(anonymous_11)
FN:41,(anonymous_12)
FN:44,(anonymous_13)
FN:69,(anonymous_14)
FNF:15
FNH:0
FNDA:0,(anonymous_0)
FNDA:0,(anonymous_1)
FNDA:0,(anonymous_2)
FNDA:0,(anonymous_3)
FNDA:0,(anonymous_4)
FNDA:0,(anonymous_5)
FNDA:0,(anonymous_6)
FNDA:0,(anonymous_7)
FNDA:0,(anonymous_8)
FNDA:0,(anonymous_9)
FNDA:0,(anonymous_10)
FNDA:0,(anonymous_11)
FNDA:0,(anonymous_12)
FNDA:0,(anonymous_13)
FNDA:0,(anonymous_14)
DA:2,0
DA:14,0
DA:16,0
DA:34,0
DA:35,0
DA:40,0
DA:41,0
DA:42,0
DA:44,0
DA:51,0
DA:52,0
DA:53,0
DA:54,0
DA:57,0
DA:59,0
DA:65,0
DA:66,0
DA:68,0
DA:69,0
DA:82,0
DA:83,0
DA:84,0
DA:85,0
DA:86,0
DA:87,0
DA:88,0
DA:90,0
DA:91,0
DA:92,0
DA:93,0
DA:94,0
DA:95,0
DA:96,0
DA:99,0
DA:100,0
DA:101,0
DA:102,0
DA:109,0
DA:113,0
DA:114,0
DA:117,0
DA:118,0
DA:119,0
DA:120,0
DA:124,0
DA:125,0
DA:126,0
DA:128,0
DA:129,0
DA:130,0
DA:131,0
DA:132,0
DA:134,0
DA:135,0
DA:137,0
DA:141,0
DA:142,0
LF:57
LH:0
BRDA:92,0,0,0
BRDA:92,0,1,0
BRDA:93,1,0,0
BRDA:93,1,1,0
BRDA:94,2,0,0
BRDA:94,2,1,0
BRDA:95,3,0,0
BRDA:95,3,1,0
BRDA:101,4,0,0
BRDA:101,4,1,0
BRDA:107,5,0,0
BRDA:107,5,1,0
BRDA:118,6,0,0
BRDA:118,6,1,0
BRDA:130,7,0,0
BRDA:130,7,1,0
BRDA:132,8,0,0
BRDA:132,8,1,0
BRDA:3,9,0,0
BRDA:3,9,1,0
BRDA:16,10,0,0
BRDA:16,10,1,0
BRDA:28,11,0,0
BRDA:28,11,1,0
BRDA:31,12,0,0
BRDA:31,12,1,0
BRDA:34,13,0,0
BRDA:34,13,1,0
BRDA:45,14,0,0
BRDA:45,14,1,0
BRDA:47,15,0,0
BRDA:47,15,1,0
BRDA:52,16,0,0
BRDA:52,16,1,0
BRDA:55,17,0,0
BRDA:55,17,1,0
BRDA:60,18,0,0
BRDA:60,18,1,0
BRDA:72,19,0,0
BRDA:72,19,1,0
BRDA:69,20,0,0
BRDA:69,20,1,0
BRF:42
BRH:0
end_of_record
TN:
SF:src\views\HomePage.vue
FN:148,(anonymous_0)
FN:155,(anonymous_1)
FN:169,(anonymous_2)
FN:173,(anonymous_3)
FN:183,(anonymous_4)
FN:188,(anonymous_5)
FN:199,(anonymous_6)
FN:25,(anonymous_7)
FN:80,(anonymous_8)
FN:80,(anonymous_9)
FN:83,(anonymous_10)
FN:126,(anonymous_11)
FNF:12
FNH:0
FNDA:0,(anonymous_0)
FNDA:0,(anonymous_1)
FNDA:0,(anonymous_2)
FNDA:0,(anonymous_3)
FNDA:0,(anonymous_4)
FNDA:0,(anonymous_5)
FNDA:0,(anonymous_6)
FNDA:0,(anonymous_7)
FNDA:0,(anonymous_8)
FNDA:0,(anonymous_9)
FNDA:0,(anonymous_10)
FNDA:0,(anonymous_11)
DA:2,0
DA:4,0
DA:13,0
DA:21,0
DA:25,0
DA:66,0
DA:80,0
DA:81,0
DA:83,0
DA:87,0
DA:88,0
DA:89,0
DA:120,0
DA:121,0
DA:126,0
DA:141,0
DA:142,0
DA:143,0
DA:144,0
DA:145,0
DA:148,0
DA:149,0
DA:150,0
DA:151,0
DA:155,0
DA:156,0
DA:157,0
DA:158,0
DA:165,0
DA:169,0
DA:170,0
DA:173,0
DA:174,0
DA:175,0
DA:176,0
DA:181,0
DA:183,0
DA:184,0
DA:185,0
DA:186,0
DA:187,0
DA:188,0
DA:189,0
DA:191,0
DA:193,0
DA:195,0
DA:199,0
DA:200,0
LF:48
LH:0
BRDA:150,0,0,0
BRDA:150,0,1,0
BRDA:157,1,0,0
BRDA:157,1,1,0
BRDA:163,2,0,0
BRDA:163,2,1,0
BRDA:174,3,0,0
BRDA:174,3,1,0
BRDA:32,4,0,0
BRDA:32,4,1,0
BRDA:14,5,0,0
BRDA:14,5,1,0
BRDA:15,6,0,0
BRDA:15,6,1,0
BRDA:18,7,0,0
BRDA:18,7,1,0
BRDA:25,8,0,0
BRDA:25,8,1,0
BRDA:92,9,0,0
BRDA:92,9,1,0
BRDA:75,10,0,0
BRDA:75,10,1,0
BRDA:77,11,0,0
BRDA:77,11,1,0
BRDA:84,12,0,0
BRDA:84,12,1,0
BRDA:88,13,0,0
BRDA:88,13,1,0
BRDA:122,14,0,0
BRDA:122,14,1,0
BRDA:123,15,0,0
BRDA:123,15,1,0
BRDA:124,16,0,0
BRDA:124,16,1,0
BRDA:126,17,0,0
BRDA:126,17,1,0
BRDA:126,18,0,0
BRDA:126,18,1,0
BRF:38
BRH:0
end_of_record
TN:
SF:src\views\LoginPage.vue
FN:150,(anonymous_0)
FN:43,(anonymous_1)
FN:58,(anonymous_2)
FN:70,(anonymous_3)
FN:111,(anonymous_4)
FNF:5
FNH:0
FNDA:0,(anonymous_0)
FNDA:0,(anonymous_1)
FNDA:0,(anonymous_2)
FNDA:0,(anonymous_3)
FNDA:0,(anonymous_4)
DA:2,0
DA:4,0
DA:5,0
DA:23,0
DA:38,0
DA:43,0
DA:53,0
DA:58,0
DA:68,0
DA:69,0
DA:70,0
DA:88,0
DA:106,0
DA:107,0
DA:111,0
DA:145,0
DA:146,0
DA:147,0
DA:148,0
DA:150,0
DA:151,0
DA:152,0
DA:153,0
DA:155,0
LF:24
LH:0
BRDA:151,0,0,0
BRDA:151,0,1,0
BRDA:151,1,0,0
BRDA:151,1,1,0
BRDA:50,2,0,0
BRDA:50,2,1,0
BRDA:43,3,0,0
BRDA:43,3,1,0
BRDA:65,4,0,0
BRDA:65,4,1,0
BRDA:58,5,0,0
BRDA:58,5,1,0
BRDA:70,6,0,0
BRDA:70,6,1,0
BRDA:70,7,0,0
BRDA:70,7,1,0
BRDA:71,8,0,0
BRDA:71,8,1,0
BRDA:79,9,0,0
BRDA:79,9,1,0
BRDA:114,10,0,0
BRDA:114,10,1,0
BRDA:112,11,0,0
BRDA:112,11,1,0
BRDA:111,12,0,0
BRDA:111,12,1,0
BRF:26
BRH:0
end_of_record
TN:
SF:src\views\LogoutPage.vue
FN:68,(anonymous_0)
FN:45,(anonymous_1)
FNF:2
FNH:0
FNDA:0,(anonymous_0)
FNDA:0,(anonymous_1)
DA:2,0
DA:4,0
DA:5,0
DA:17,0
DA:18,0
DA:29,0
DA:31,0
DA:33,0
DA:45,0
DA:65,0
DA:66,0
DA:68,0
DA:70,0
DA:71,0
DA:74,0
DA:77,0
DA:80,0
LF:17
LH:0
BRDA:7,0,0,0
BRDA:7,0,1,0
BRDA:49,1,0,0
BRDA:49,1,1,0
BRDA:48,2,0,0
BRDA:48,2,1,0
BRDA:47,3,0,0
BRDA:47,3,1,0
BRDA:45,4,0,0
BRDA:45,4,1,0
BRDA:52,5,0,0
BRDA:52,5,1,0
BRF:12
BRH:0
end_of_record
TN:
SF:src\views\MakeupPage.vue
FN:90,(anonymous_0)
FN:92,(anonymous_1)
FN:93,(anonymous_2)
FN:94,(anonymous_3)
FN:95,(anonymous_4)
FN:99,(anonymous_5)
FN:113,(anonymous_6)
FN:117,(anonymous_7)
FN:124,(anonymous_8)
FN:141,(anonymous_9)
FN:16,(anonymous_10)
FN:41,(anonymous_11)
FN:41,(anonymous_12)
FN:44,(anonymous_13)
FN:69,(anonymous_14)
FNF:15
FNH:0
FNDA:0,(anonymous_0)
FNDA:0,(anonymous_1)
FNDA:0,(anonymous_2)
FNDA:0,(anonymous_3)
FNDA:0,(anonymous_4)
FNDA:0,(anonymous_5)
FNDA:0,(anonymous_6)
FNDA:0,(anonymous_7)
FNDA:0,(anonymous_8)
FNDA:0,(anonymous_9)
FNDA:0,(anonymous_10)
FNDA:0,(anonymous_11)
FNDA:0,(anonymous_12)
FNDA:0,(anonymous_13)
FNDA:0,(anonymous_14)
DA:2,0
DA:14,0
DA:16,0
DA:34,0
DA:35,0
DA:40,0
DA:41,0
DA:42,0
DA:44,0
DA:51,0
DA:52,0
DA:53,0
DA:54,0
DA:57,0
DA:59,0
DA:65,0
DA:66,0
DA:68,0
DA:69,0
DA:82,0
DA:83,0
DA:84,0
DA:85,0
DA:86,0
DA:87,0
DA:88,0
DA:90,0
DA:91,0
DA:92,0
DA:93,0
DA:94,0
DA:95,0
DA:96,0
DA:99,0
DA:100,0
DA:101,0
DA:102,0
DA:109,0
DA:113,0
DA:114,0
DA:117,0
DA:118,0
DA:119,0
DA:120,0
DA:124,0
DA:125,0
DA:126,0
DA:128,0
DA:129,0
DA:130,0
DA:131,0
DA:132,0
DA:134,0
DA:135,0
DA:137,0
DA:141,0
DA:142,0
LF:57
LH:0
BRDA:92,0,0,0
BRDA:92,0,1,0
BRDA:93,1,0,0
BRDA:93,1,1,0
BRDA:94,2,0,0
BRDA:94,2,1,0
BRDA:95,3,0,0
BRDA:95,3,1,0
BRDA:101,4,0,0
BRDA:101,4,1,0
BRDA:107,5,0,0
BRDA:107,5,1,0
BRDA:118,6,0,0
BRDA:118,6,1,0
BRDA:130,7,0,0
BRDA:130,7,1,0
BRDA:132,8,0,0
BRDA:132,8,1,0
BRDA:3,9,0,0
BRDA:3,9,1,0
BRDA:16,10,0,0
BRDA:16,10,1,0
BRDA:28,11,0,0
BRDA:28,11,1,0
BRDA:31,12,0,0
BRDA:31,12,1,0
BRDA:34,13,0,0
BRDA:34,13,1,0
BRDA:45,14,0,0
BRDA:45,14,1,0
BRDA:47,15,0,0
BRDA:47,15,1,0
BRDA:52,16,0,0
BRDA:52,16,1,0
BRDA:55,17,0,0
BRDA:55,17,1,0
BRDA:60,18,0,0
BRDA:60,18,1,0
BRDA:72,19,0,0
BRDA:72,19,1,0
BRDA:69,20,0,0
BRDA:69,20,1,0
BRF:42
BRH:0
end_of_record
TN:
SF:src\views\OffersPage.vue
FN:147,(anonymous_0)
FN:182,(anonymous_1)
FN:224,(anonymous_2)
FN:259,(anonymous_3)
FN:300,(anonymous_4)
FN:307,(anonymous_5)
FN:128,(anonymous_6)
FNF:7
FNH:0
FNDA:0,(anonymous_0)
FNDA:0,(anonymous_1)
FNDA:0,(anonymous_2)
FNDA:0,(anonymous_3)
FNDA:0,(anonymous_4)
FNDA:0,(anonymous_5)
FNDA:0,(anonymous_6)
DA:2,0
DA:15,0
DA:17,0
DA:20,0
DA:21,0
DA:22,0
DA:23,0
DA:27,0
DA:43,0
DA:44,0
DA:45,0
DA:46,0
DA:50,0
DA:54,0
DA:70,0
DA:71,0
DA:72,0
DA:73,0
DA:77,0
DA:93,0
DA:94,0
DA:95,0
DA:96,0
DA:100,0
DA:104,0
DA:124,0
DA:125,0
DA:127,0
DA:128,0
DA:140,0
DA:141,0
DA:142,0
DA:143,0
DA:144,0
DA:147,0
DA:148,0
DA:149,0
DA:151,0
DA:152,0
DA:169,0
DA:174,0
DA:177,0
DA:182,0
DA:183,0
DA:184,0
DA:186,0
DA:187,0
DA:211,0
DA:216,0
DA:219,0
DA:224,0
DA:225,0
DA:226,0
DA:228,0
DA:229,0
DA:246,0
DA:251,0
DA:254,0
DA:259,0
DA:260,0
DA:261,0
DA:263,0
DA:264,0
DA:288,0
DA:293,0
DA:296,0
DA:300,0
DA:301,0
DA:302,0
DA:303,0
DA:307,0
DA:308,0
DA:309,0
DA:315,0
DA:316,0
DA:317,0
DA:319,0
DA:320,0
DA:321,0
DA:323,0
LF:80
LH:0
BRDA:148,0,0,0
BRDA:148,0,1,0
BRDA:151,1,0,0
BRDA:151,1,1,0
BRDA:158,2,0,0
BRDA:158,2,1,0
BRDA:165,3,0,0
BRDA:165,3,1,0
BRDA:183,4,0,0
BRDA:183,4,1,0
BRDA:186,5,0,0
BRDA:186,5,1,0
BRDA:193,6,0,0
BRDA:193,6,1,0
BRDA:200,7,0,0
BRDA:200,7,1,0
BRDA:207,8,0,0
BRDA:207,8,1,0
BRDA:225,9,0,0
BRDA:225,9,1,0
BRDA:228,10,0,0
BRDA:228,10,1,0
BRDA:235,11,0,0
BRDA:235,11,1,0
BRDA:242,12,0,0
BRDA:242,12,1,0
BRDA:260,13,0,0
BRDA:260,13,1,0
BRDA:260,14,0,0
BRDA:260,14,1,0
BRDA:260,14,2,0
BRDA:263,15,0,0
BRDA:263,15,1,0
BRDA:270,16,0,0
BRDA:270,16,1,0
BRDA:277,17,0,0
BRDA:277,17,1,0
BRDA:284,18,0,0
BRDA:284,18,1,0
BRDA:301,19,0,0
BRDA:301,19,1,0
BRDA:319,20,0,0
BRDA:319,20,1,0
BRDA:320,21,0,0
BRDA:320,21,1,0
BRDA:321,22,0,0
BRDA:321,22,1,0
BRDA:4,23,0,0
BRDA:4,23,1,0
BRDA:121,24,0,0
BRDA:121,24,1,0
BRDA:25,25,0,0
BRDA:25,25,1,0
BRDA:29,26,0,0
BRDA:29,26,1,0
BRDA:33,27,0,0
BRDA:33,27,1,0
BRDA:34,28,0,0
BRDA:34,28,1,0
BRDA:48,29,0,0
BRDA:48,29,1,0
BRDA:52,30,0,0
BRDA:52,30,1,0
BRDA:56,31,0,0
BRDA:56,31,1,0
BRDA:60,32,0,0
BRDA:60,32,1,0
BRDA:61,33,0,0
BRDA:61,33,1,0
BRDA:75,34,0,0
BRDA:75,34,1,0
BRDA:79,35,0,0
BRDA:79,35,1,0
BRDA:83,36,0,0
BRDA:83,36,1,0
BRDA:84,37,0,0
BRDA:84,37,1,0
BRDA:98,38,0,0
BRDA:98,38,1,0
BRDA:102,39,0,0
BRDA:102,39,1,0
BRDA:106,40,0,0
BRDA:106,40,1,0
BRDA:110,41,0,0
BRDA:110,41,1,0
BRDA:111,42,0,0
BRDA:111,42,1,0
BRDA:112,43,0,0
BRDA:112,43,1,0
BRDA:113,44,0,0
BRDA:113,44,1,0
BRDA:131,45,0,0
BRDA:131,45,1,0
BRDA:128,46,0,0
BRDA:128,46,1,0
BRF:95
BRH:0
end_of_record
TN:
SF:src\views\OrderSuccessPage.vue
FN:97,(anonymous_0)
FN:104,(anonymous_1)
FN:51,(anonymous_2)
FN:69,(anonymous_3)
FN:78,(anonymous_4)
FNF:5
FNH:0
FNDA:0,(anonymous_0)
FNDA:0,(anonymous_1)
FNDA:0,(anonymous_2)
FNDA:0,(anonymous_3)
FNDA:0,(anonymous_4)
DA:2,0
DA:4,0
DA:5,0
DA:7,0
DA:21,0
DA:22,0
DA:25,0
DA:29,0
DA:37,0
DA:42,0
DA:51,0
DA:57,0
DA:58,0
DA:59,0
DA:64,0
DA:69,0
DA:73,0
DA:77,0
DA:78,0
DA:91,0
DA:92,0
DA:93,0
DA:94,0
DA:95,0
DA:97,0
DA:98,0
DA:99,0
DA:100,0
DA:104,0
DA:106,0
DA:109,0
DA:110,0
DA:111,0
DA:112,0
DA:113,0
DA:115,0
DA:116,0
DA:119,0
DA:120,0
DA:121,0
DA:122,0
DA:123,0
DA:125,0
LF:43
LH:0
BRDA:98,0,0,0
BRDA:98,0,1,0
BRDA:120,1,0,0
BRDA:120,1,1,0
BRDA:123,2,0,0
BRDA:123,2,1,0
BRDA:26,3,0,0
BRDA:26,3,1,0
BRDA:30,4,0,0
BRDA:30,4,1,0
BRDA:34,5,0,0
BRDA:34,5,1,0
BRDA:38,6,0,0
BRDA:38,6,1,0
BRDA:43,7,0,0
BRDA:43,7,1,0
BRDA:46,8,0,0
BRDA:46,8,1,0
BRDA:51,9,0,0
BRDA:51,9,1,0
BRDA:60,10,0,0
BRDA:60,10,1,0
BRDA:63,11,0,0
BRDA:63,11,1,0
BRDA:65,12,0,0
BRDA:65,12,1,0
BRDA:66,13,0,0
BRDA:66,13,1,0
BRDA:69,14,0,0
BRDA:69,14,1,0
BRDA:74,15,0,0
BRDA:74,15,1,0
BRDA:75,16,0,0
BRDA:75,16,1,0
BRDA:76,17,0,0
BRDA:76,17,1,0
BRDA:78,18,0,0
BRDA:78,18,1,0
BRF:38
BRH:0
end_of_record
TN:
SF:src\views\ProductDetail.vue
FN:93,(anonymous_0)
FN:94,(anonymous_1)
FN:96,(anonymous_2)
FN:114,(anonymous_3)
FN:118,(anonymous_4)
FN:143,(anonymous_5)
FN:75,(anonymous_6)
FNF:7
FNH:0
FNDA:0,(anonymous_0)
FNDA:0,(anonymous_1)
FNDA:0,(anonymous_2)
FNDA:0,(anonymous_3)
FNDA:0,(anonymous_4)
FNDA:0,(anonymous_5)
FNDA:0,(anonymous_6)
DA:2,0
DA:14,0
DA:20,0
DA:25,0
DA:27,0
DA:28,0
DA:29,0
DA:32,0
DA:33,0
DA:38,0
DA:41,0
DA:43,0
DA:45,0
DA:75,0
DA:85,0
DA:86,0
DA:87,0
DA:88,0
DA:89,0
DA:90,0
DA:91,0
DA:93,0
DA:94,0
DA:96,0
DA:97,0
DA:98,0
DA:99,0
DA:100,0
DA:101,0
DA:109,0
DA:114,0
DA:115,0
DA:118,0
DA:119,0
DA:120,0
DA:121,0
DA:123,0
DA:124,0
DA:126,0
DA:127,0
DA:130,0
DA:131,0
DA:132,0
DA:135,0
DA:136,0
DA:137,0
DA:139,0
DA:143,0
DA:144,0
LF:49
LH:0
BRDA:94,0,0,0
BRDA:94,0,1,0
BRDA:97,1,0,0
BRDA:97,1,1,0
BRDA:99,2,0,0
BRDA:99,2,1,0
BRDA:106,3,0,0
BRDA:106,3,1,0
BRDA:126,4,0,0
BRDA:126,4,1,0
BRDA:4,5,0,0
BRDA:4,5,1,0
BRDA:8,6,0,0
BRDA:8,6,1,0
BRDA:11,7,0,0
BRDA:11,7,1,0
BRDA:13,8,0,0
BRDA:13,8,1,0
BRDA:18,9,0,0
BRDA:18,9,1,0
BRDA:27,10,0,0
BRDA:27,10,1,0
BRDA:29,11,0,0
BRDA:29,11,1,0
BRDA:34,12,0,0
BRDA:34,12,1,0
BRDA:35,13,0,0
BRDA:35,13,1,0
BRDA:48,14,0,0
BRDA:48,14,1,0
BRDA:76,15,0,0
BRDA:76,15,1,0
BRDA:75,16,0,0
BRDA:75,16,1,0
BRF:34
BRH:0
end_of_record
TN:
SF:src\views\SearchPage.vue
FN:134,(anonymous_0)
FN:138,(anonymous_1)
FN:142,(anonymous_2)
FN:159,(anonymous_3)
FN:165,(anonymous_4)
FN:170,(anonymous_5)
FN:175,(anonymous_6)
FN:181,(anonymous_7)
FN:194,(anonymous_8)
FN:20,(anonymous_9)
FN:37,(anonymous_10)
FN:39,(anonymous_11)
FN:64,(anonymous_12)
FN:66,(anonymous_13)
FN:78,(anonymous_14)
FN:80,(anonymous_15)
FN:99,(anonymous_16)
FN:99,(anonymous_17)
FNF:18
FNH:0
FNDA:0,(anonymous_0)
FNDA:0,(anonymous_1)
FNDA:0,(anonymous_2)
FNDA:0,(anonymous_3)
FNDA:0,(anonymous_4)
FNDA:0,(anonymous_5)
FNDA:0,(anonymous_6)
FNDA:0,(anonymous_7)
FNDA:0,(anonymous_8)
FNDA:0,(anonymous_9)
FNDA:0,(anonymous_10)
FNDA:0,(anonymous_11)
FNDA:0,(anonymous_12)
FNDA:0,(anonymous_13)
FNDA:0,(anonymous_14)
FNDA:0,(anonymous_15)
FNDA:0,(anonymous_16)
FNDA:0,(anonymous_17)
DA:2,0
DA:8,0
DA:10,0
DA:18,0
DA:20,0
DA:34,0
DA:35,0
DA:36,0
DA:39,0
DA:42,0
DA:45,0
DA:46,0
DA:47,0
DA:48,0
DA:55,0
DA:60,0
DA:62,0
DA:63,0
DA:66,0
DA:69,0
DA:74,0
DA:76,0
DA:77,0
DA:80,0
DA:89,0
DA:99,0
DA:100,0
DA:106,0
DA:107,0
DA:108,0
DA:125,0
DA:126,0
DA:127,0
DA:128,0
DA:129,0
DA:131,0
DA:132,0
DA:134,0
DA:135,0
DA:138,0
DA:139,0
DA:142,0
DA:143,0
DA:144,0
DA:145,0
DA:146,0
DA:147,0
DA:148,0
DA:150,0
DA:152,0
DA:155,0
DA:159,0
DA:160,0
DA:161,0
DA:165,0
DA:166,0
DA:167,0
DA:170,0
DA:171,0
DA:172,0
DA:175,0
DA:176,0
DA:177,0
DA:181,0
DA:182,0
DA:183,0
DA:184,0
DA:185,0
DA:187,0
DA:189,0
DA:191,0
DA:194,0
DA:195,0
LF:73
LH:0
BRDA:143,0,0,0
BRDA:143,0,1,0
BRDA:148,1,0,0
BRDA:148,1,1,0
BRDA:160,2,0,0
BRDA:160,2,1,0
BRDA:176,3,0,0
BRDA:176,3,1,0
BRDA:185,4,0,0
BRDA:185,4,1,0
BRDA:5,5,0,0
BRDA:5,5,1,0
BRDA:30,6,0,0
BRDA:30,6,1,0
BRDA:20,7,0,0
BRDA:20,7,1,0
BRDA:20,8,0,0
BRDA:20,8,1,0
BRDA:33,9,0,0
BRDA:33,9,1,0
BRDA:33,10,0,0
BRDA:33,10,1,0
BRDA:47,11,0,0
BRDA:47,11,1,0
BRDA:54,12,0,0
BRDA:54,12,1,0
BRDA:54,13,0,0
BRDA:54,13,1,0
BRDA:54,13,2,0
BRDA:59,14,0,0
BRDA:61,15,0,0
BRDA:61,15,1,0
BRDA:69,16,0,0
BRDA:69,16,1,0
BRDA:86,17,0,0
BRDA:86,17,1,0
BRDA:111,18,0,0
BRDA:111,18,1,0
BRDA:94,19,0,0
BRDA:94,19,1,0
BRDA:96,20,0,0
BRDA:96,20,1,0
BRDA:102,21,0,0
BRDA:102,21,1,0
BRDA:107,22,0,0
BRDA:107,22,1,0
BRDA:115,23,0,0
BRDA:115,23,1,0
BRF:48
BRH:0
end_of_record
TN:
SF:src\views\SignUpPage.vue
FN:90,(anonymous_0)
FN:35,(anonymous_1)
FN:40,(anonymous_2)
FN:45,(anonymous_3)
FN:50,(anonymous_4)
FN:63,(anonymous_5)
FNF:6
FNH:0
FNDA:0,(anonymous_0)
FNDA:0,(anonymous_1)
FNDA:0,(anonymous_2)
FNDA:0,(anonymous_3)
FNDA:0,(anonymous_4)
FNDA:0,(anonymous_5)
DA:2,0
DA:3,0
DA:4,0
DA:22,0
DA:33,0
DA:35,0
DA:38,0
DA:40,0
DA:43,0
DA:45,0
DA:48,0
DA:50,0
DA:58,0
DA:59,0
DA:63,0
DA:84,0
DA:85,0
DA:86,0
DA:87,0
DA:88,0
DA:90,0
DA:91,0
DA:92,0
DA:93,0
DA:95,0
DA:96,0
DA:97,0
DA:99,0
LF:28
LH:0
BRDA:91,0,0,0
BRDA:91,0,1,0
BRDA:95,1,0,0
BRDA:95,1,1,0
BRDA:95,2,0,0
BRDA:95,2,1,0
BRDA:95,2,2,0
BRDA:23,3,0,0
BRDA:23,3,1,0
BRDA:36,4,0,0
BRDA:36,4,1,0
BRDA:35,5,0,0
BRDA:35,5,1,0
BRDA:41,6,0,0
BRDA:41,6,1,0
BRDA:40,7,0,0
BRDA:40,7,1,0
BRDA:46,8,0,0
BRDA:46,8,1,0
BRDA:45,9,0,0
BRDA:45,9,1,0
BRDA:51,10,0,0
BRDA:51,10,1,0
BRDA:50,11,0,0
BRDA:50,11,1,0
BRDA:53,12,0,0
BRDA:53,12,1,0
BRDA:64,13,0,0
BRDA:64,13,1,0
BRDA:63,14,0,0
BRDA:63,14,1,0
BRDA:70,15,0,0
BRDA:70,15,1,0
BRF:33
BRH:0
end_of_record
TN:
SF:src\views\SkincarePage.vue
FN:95,(anonymous_0)
FN:97,(anonymous_1)
FN:98,(anonymous_2)
FN:99,(anonymous_3)
FN:100,(anonymous_4)
FN:104,(anonymous_5)
FN:119,(anonymous_6)
FN:124,(anonymous_7)
FN:131,(anonymous_8)
FN:149,(anonymous_9)
FN:16,(anonymous_10)
FN:42,(anonymous_11)
FN:45,(anonymous_12)
FN:49,(anonymous_13)
FN:74,(anonymous_14)
FNF:15
FNH:0
FNDA:0,(anonymous_0)
FNDA:0,(anonymous_1)
FNDA:0,(anonymous_2)
FNDA:0,(anonymous_3)
FNDA:0,(anonymous_4)
FNDA:0,(anonymous_5)
FNDA:0,(anonymous_6)
FNDA:0,(anonymous_7)
FNDA:0,(anonymous_8)
FNDA:0,(anonymous_9)
FNDA:0,(anonymous_10)
FNDA:0,(anonymous_11)
FNDA:0,(anonymous_12)
FNDA:0,(anonymous_13)
FNDA:0,(anonymous_14)
DA:2,0
DA:14,0
DA:16,0
DA:34,0
DA:35,0
DA:40,0
DA:41,0
DA:45,0
DA:47,0
DA:49,0
DA:56,0
DA:57,0
DA:58,0
DA:59,0
DA:62,0
DA:64,0
DA:70,0
DA:71,0
DA:73,0
DA:74,0
DA:87,0
DA:88,0
DA:89,0
DA:90,0
DA:91,0
DA:92,0
DA:93,0
DA:95,0
DA:96,0
DA:97,0
DA:98,0
DA:99,0
DA:100,0
DA:101,0
DA:104,0
DA:105,0
DA:106,0
DA:107,0
DA:114,0
DA:119,0
DA:120,0
DA:121,0
DA:124,0
DA:125,0
DA:126,0
DA:127,0
DA:131,0
DA:132,0
DA:133,0
DA:135,0
DA:136,0
DA:137,0
DA:138,0
DA:139,0
DA:140,0
DA:142,0
DA:143,0
DA:145,0
DA:149,0
DA:150,0
LF:60
LH:0
BRDA:97,0,0,0
BRDA:97,0,1,0
BRDA:98,1,0,0
BRDA:98,1,1,0
BRDA:99,2,0,0
BRDA:99,2,1,0
BRDA:100,3,0,0
BRDA:100,3,1,0
BRDA:106,4,0,0
BRDA:106,4,1,0
BRDA:112,5,0,0
BRDA:112,5,1,0
BRDA:125,6,0,0
BRDA:125,6,1,0
BRDA:137,7,0,0
BRDA:137,7,1,0
BRDA:139,8,0,0
BRDA:139,8,1,0
BRDA:4,9,0,0
BRDA:4,9,1,0
BRDA:16,10,0,0
BRDA:16,10,1,0
BRDA:28,11,0,0
BRDA:28,11,1,0
BRDA:31,12,0,0
BRDA:31,12,1,0
BRDA:34,13,0,0
BRDA:34,13,1,0
BRDA:50,14,0,0
BRDA:50,14,1,0
BRDA:52,15,0,0
BRDA:52,15,1,0
BRDA:57,16,0,0
BRDA:57,16,1,0
BRDA:60,17,0,0
BRDA:60,17,1,0
BRDA:65,18,0,0
BRDA:65,18,1,0
BRDA:77,19,0,0
BRDA:77,19,1,0
BRDA:74,20,0,0
BRDA:74,20,1,0
BRF:42
BRH:0
end_of_record
